# Logfile created on 2014-01-03 16:52:01 +0100 by logger.rb/36483
I, [2014-01-03T16:52:01.715884 #8884]  INFO -- : 0:  rake (10.1.1) from /home/nafcore/.rvm/gems/ruby-2.0.0-p247@wpww/specifications/rake-10.1.1.gemspec
I, [2014-01-03T16:52:08.317405 #8884]  INFO -- : 0:  i18n (0.6.9) from /home/nafcore/.rvm/gems/ruby-2.0.0-p247@wpww/specifications/i18n-0.6.9.gemspec
I, [2014-01-03T16:52:10.429753 #8884]  INFO -- : 0:  minitest (4.7.5) from /home/nafcore/.rvm/gems/ruby-2.0.0-p247@wpww/specifications/minitest-4.7.5.gemspec
I, [2014-01-03T16:52:14.353609 #8884]  INFO -- : 0:  multi_json (1.8.2) from /home/nafcore/.rvm/gems/ruby-2.0.0-p247@wpww/specifications/multi_json-1.8.2.gemspec
I, [2014-01-03T16:52:18.866707 #8884]  INFO -- : 0:  atomic (1.1.14) from /home/nafcore/.rvm/gems/ruby-2.0.0-p247@wpww/specifications/atomic-1.1.14.gemspec
I, [2014-01-03T16:52:22.493445 #8884]  INFO -- : 0:  thread_safe (0.1.3) from /home/nafcore/.rvm/gems/ruby-2.0.0-p247@wpww/specifications/thread_safe-0.1.3.gemspec
I, [2014-01-03T16:53:04.345193 #8884]  INFO -- : 0:  tzinfo (0.3.38) from /home/nafcore/.rvm/gems/ruby-2.0.0-p247@wpww/specifications/tzinfo-0.3.38.gemspec
I, [2014-01-03T16:53:18.672149 #8884]  INFO -- : 0:  activesupport (4.0.2) from /home/nafcore/.rvm/gems/ruby-2.0.0-p247@wpww/specifications/activesupport-4.0.2.gemspec
I, [2014-01-03T16:53:20.873435 #8884]  INFO -- : 0:  builder (3.1.4) from /home/nafcore/.rvm/gems/ruby-2.0.0-p247@wpww/specifications/builder-3.1.4.gemspec
I, [2014-01-03T16:53:23.805172 #8884]  INFO -- : 0:  activemodel (4.0.2) from /home/nafcore/.rvm/gems/ruby-2.0.0-p247@wpww/specifications/activemodel-4.0.2.gemspec
I, [2014-01-03T16:53:26.152777 #8884]  INFO -- : 0:  activerecord-deprecated_finders (1.0.3) from /home/nafcore/.rvm/gems/ruby-2.0.0-p247@wpww/specifications/activerecord-deprecated_finders-1.0.3.gemspec
I, [2014-01-03T16:53:35.693123 #8884]  INFO -- : 0:  arel (4.0.1) from /home/nafcore/.rvm/gems/ruby-2.0.0-p247@wpww/specifications/arel-4.0.1.gemspec
I, [2014-01-03T16:53:47.618531 #8884]  INFO -- : 0:  activerecord (4.0.2) from /home/nafcore/.rvm/gems/ruby-2.0.0-p247@wpww/specifications/activerecord-4.0.2.gemspec
I, [2014-01-03T16:53:50.896007 #8884]  INFO -- : 0:  daemons (1.1.9) from /home/nafcore/.rvm/gems/ruby-2.0.0-p247@wpww/specifications/daemons-1.1.9.gemspec
I, [2014-01-03T16:54:14.573799 #8884]  INFO -- : 0:  eventmachine (1.0.3) from /home/nafcore/.rvm/gems/ruby-2.0.0-p247@wpww/specifications/eventmachine-1.0.3.gemspec
I, [2014-01-03T16:54:14.656335 #8884]  INFO -- : 0:  playhouse (0.1.0) from /home/nafcore/.rvm/gems/ruby-2.0.0-p247@wpww/bundler/gems/playhouse-b4f44873ce4b/playhouse.gemspec
I, [2014-01-03T16:54:25.699394 #8884]  INFO -- : 0:  rack (1.5.2) from /home/nafcore/.rvm/gems/ruby-2.0.0-p247@wpww/specifications/rack-1.5.2.gemspec
I, [2014-01-03T16:54:28.984910 #8884]  INFO -- : 0:  rack-protection (1.5.1) from /home/nafcore/.rvm/gems/ruby-2.0.0-p247@wpww/specifications/rack-protection-1.5.1.gemspec
I, [2014-01-03T16:54:34.012057 #8884]  INFO -- : 0:  tilt (1.4.1) from /home/nafcore/.rvm/gems/ruby-2.0.0-p247@wpww/specifications/tilt-1.4.1.gemspec
I, [2014-01-03T16:54:42.520801 #8884]  INFO -- : 0:  sinatra (1.4.4) from /home/nafcore/.rvm/gems/ruby-2.0.0-p247@wpww/specifications/sinatra-1.4.4.gemspec
I, [2014-01-03T16:54:47.435286 #8884]  INFO -- : 0:  thin (1.6.1) from /home/nafcore/.rvm/gems/ruby-2.0.0-p247@wpww/specifications/thin-1.6.1.gemspec
I, [2014-01-03T16:54:47.462439 #8884]  INFO -- : 0:  playhouse-sinatra (0.1.0) from /home/nafcore/.rvm/gems/ruby-2.0.0-p247@wpww/bundler/gems/playhouse-sinatra-fff11a1ebcfd/playhouse_sinatra.gemspec
I, [2014-01-03T16:54:49.255315 #8884]  INFO -- : 0:  rack-cors (0.2.9) from /home/nafcore/.rvm/gems/ruby-2.0.0-p247@wpww/specifications/rack-cors-0.2.9.gemspec
I, [2014-01-03T16:54:56.685539 #8884]  INFO -- : 0:  sqlite3 (1.3.8) from /home/nafcore/.rvm/gems/ruby-2.0.0-p247@wpww/specifications/sqlite3-1.3.8.gemspec
I, [2014-01-03T16:54:56.686364 #8884]  INFO -- : 0:  bundler (1.5.1) from /home/nafcore/.rvm/gems/ruby-2.0.0-p247@wpww/specifications/bundler-1.5.1.gemspec
I, [2014-01-03T18:47:57.147665 #10876]  INFO -- : 0:  rake (10.1.1) from /home/nafcore/.rvm/gems/ruby-2.0.0-p247@wpww/specifications/rake-10.1.1.gemspec
I, [2014-01-03T18:47:57.148421 #10876]  INFO -- : 0:  i18n (0.6.9) from /home/nafcore/.rvm/gems/ruby-2.0.0-p247@wpww/specifications/i18n-0.6.9.gemspec
I, [2014-01-03T18:47:57.149061 #10876]  INFO -- : 0:  minitest (4.7.5) from /home/nafcore/.rvm/gems/ruby-2.0.0-p247@wpww/specifications/minitest-4.7.5.gemspec
I, [2014-01-03T18:47:57.149632 #10876]  INFO -- : 0:  multi_json (1.8.2) from /home/nafcore/.rvm/gems/ruby-2.0.0-p247@wpww/specifications/multi_json-1.8.2.gemspec
I, [2014-01-03T18:47:57.150207 #10876]  INFO -- : 0:  atomic (1.1.14) from /home/nafcore/.rvm/gems/ruby-2.0.0-p247@wpww/specifications/atomic-1.1.14.gemspec
I, [2014-01-03T18:47:57.150789 #10876]  INFO -- : 0:  thread_safe (0.1.3) from /home/nafcore/.rvm/gems/ruby-2.0.0-p247@wpww/specifications/thread_safe-0.1.3.gemspec
I, [2014-01-03T18:47:57.151450 #10876]  INFO -- : 0:  tzinfo (0.3.38) from /home/nafcore/.rvm/gems/ruby-2.0.0-p247@wpww/specifications/tzinfo-0.3.38.gemspec
I, [2014-01-03T18:47:57.152146 #10876]  INFO -- : 0:  activesupport (4.0.2) from /home/nafcore/.rvm/gems/ruby-2.0.0-p247@wpww/specifications/activesupport-4.0.2.gemspec
I, [2014-01-03T18:47:57.152866 #10876]  INFO -- : 0:  builder (3.1.4) from /home/nafcore/.rvm/gems/ruby-2.0.0-p247@wpww/specifications/builder-3.1.4.gemspec
I, [2014-01-03T18:47:57.153482 #10876]  INFO -- : 0:  activemodel (4.0.2) from /home/nafcore/.rvm/gems/ruby-2.0.0-p247@wpww/specifications/activemodel-4.0.2.gemspec
I, [2014-01-03T18:47:57.154074 #10876]  INFO -- : 0:  activerecord-deprecated_finders (1.0.3) from /home/nafcore/.rvm/gems/ruby-2.0.0-p247@wpww/specifications/activerecord-deprecated_finders-1.0.3.gemspec
I, [2014-01-03T18:47:57.154693 #10876]  INFO -- : 0:  arel (4.0.1) from /home/nafcore/.rvm/gems/ruby-2.0.0-p247@wpww/specifications/arel-4.0.1.gemspec
I, [2014-01-03T18:47:57.155428 #10876]  INFO -- : 0:  activerecord (4.0.2) from /home/nafcore/.rvm/gems/ruby-2.0.0-p247@wpww/specifications/activerecord-4.0.2.gemspec
I, [2014-01-03T18:47:57.156030 #10876]  INFO -- : 0:  daemons (1.1.9) from /home/nafcore/.rvm/gems/ruby-2.0.0-p247@wpww/specifications/daemons-1.1.9.gemspec
I, [2014-01-03T18:47:57.156674 #10876]  INFO -- : 0:  eventmachine (1.0.3) from /home/nafcore/.rvm/gems/ruby-2.0.0-p247@wpww/specifications/eventmachine-1.0.3.gemspec
I, [2014-01-03T18:47:57.199118 #10876]  INFO -- : 0:  playhouse (0.1.0) from /home/nafcore/.rvm/gems/ruby-2.0.0-p247@wpww/bundler/gems/playhouse-b4f44873ce4b/playhouse.gemspec
I, [2014-01-03T18:47:57.199841 #10876]  INFO -- : 0:  rack (1.5.2) from /home/nafcore/.rvm/gems/ruby-2.0.0-p247@wpww/specifications/rack-1.5.2.gemspec
I, [2014-01-03T18:47:57.200450 #10876]  INFO -- : 0:  rack-protection (1.5.1) from /home/nafcore/.rvm/gems/ruby-2.0.0-p247@wpww/specifications/rack-protection-1.5.1.gemspec
I, [2014-01-03T18:47:57.201076 #10876]  INFO -- : 0:  tilt (1.4.1) from /home/nafcore/.rvm/gems/ruby-2.0.0-p247@wpww/specifications/tilt-1.4.1.gemspec
I, [2014-01-03T18:47:57.201747 #10876]  INFO -- : 0:  sinatra (1.4.4) from /home/nafcore/.rvm/gems/ruby-2.0.0-p247@wpww/specifications/sinatra-1.4.4.gemspec
I, [2014-01-03T18:47:57.202401 #10876]  INFO -- : 0:  thin (1.6.1) from /home/nafcore/.rvm/gems/ruby-2.0.0-p247@wpww/specifications/thin-1.6.1.gemspec
I, [2014-01-03T18:47:57.269565 #10876]  INFO -- : 0:  playhouse-sinatra (0.1.0) from /home/nafcore/.rvm/gems/ruby-2.0.0-p247@wpww/bundler/gems/playhouse-sinatra-fff11a1ebcfd/playhouse_sinatra.gemspec
I, [2014-01-03T18:47:57.270264 #10876]  INFO -- : 0:  rack-cors (0.2.9) from /home/nafcore/.rvm/gems/ruby-2.0.0-p247@wpww/specifications/rack-cors-0.2.9.gemspec
I, [2014-01-03T18:47:59.189285 #10876]  INFO -- : 0:  shotgun (0.9) from /home/nafcore/.rvm/gems/ruby-2.0.0-p247@wpww/specifications/shotgun-0.9.gemspec
I, [2014-01-03T18:47:59.189902 #10876]  INFO -- : 0:  sqlite3 (1.3.8) from /home/nafcore/.rvm/gems/ruby-2.0.0-p247@wpww/specifications/sqlite3-1.3.8.gemspec
I, [2014-01-03T18:47:59.190399 #10876]  INFO -- : 0:  bundler (1.5.1) from /home/nafcore/.rvm/gems/ruby-2.0.0-p247@wpww/specifications/bundler-1.5.1.gemspec
